# JRE version: Java(TM) SE Runtime Environment (8.0_45-b15) (build 1.8.0_45-b15)
# Java VM: Java HotSpot(TM) 64-Bit Server VM (25.45-b02 mixed mode windows-amd64 compressed oops)
Heap:
 PSYoungGen      total 281600K, used 36842K [0x00000000eab00000, 0x0000000100000000, 0x0000000100000000)
  eden space 244736K, 0% used [0x00000000eab00000,0x00000000eab00000,0x00000000f9a00000)
  from space 36864K, 99% used [0x00000000fdc00000,0x00000000ffffab50,0x0000000100000000)
  to   space 52224K, 0% used [0x00000000f9a00000,0x00000000f9a00000,0x00000000fcd00000)
 ParOldGen       total 77824K, used 77429K [0x00000000c0000000, 0x00000000c4c00000, 0x00000000eab00000)
  object space 77824K, 99% used [0x00000000c0000000,0x00000000c4b9d678,0x00000000c4c00000)
 Metaspace       used 6509K, capacity 7320K, committed 7680K, reserved 1056768K
  class space    used 614K, capacity 656K, committed 768K, reserved 1048576K
GC Heap History (10 events):
Event: 2.241 GC heap after
Heap after GC invocations=7 (full 0):
 PSYoungGen      total 130048K, used 10724K [0x00000000eab00000, 0x00000000fba00000, 0x0000000100000000)
  eden space 119296K, 0% used [0x00000000eab00000,0x00000000eab00000,0x00000000f1f80000)
  from space 10752K, 99% used [0x00000000f1f80000,0x00000000f29f9210,0x00000000f2a00000)
  to   space 19456K, 0% used [0x00000000fa700000,0x00000000fa700000,0x00000000fba00000)
 ParOldGen       total 40960K, used 23469K [0x00000000c0000000, 0x00000000c2800000, 0x00000000eab00000)
  object space 40960K, 57% used [0x00000000c0000000,0x00000000c16eb4b0,0x00000000c2800000)
 Metaspace       used 6304K, capacity 7152K, committed 7296K, reserved 1056768K
  class space    used 593K, capacity 616K, committed 640K, reserved 1048576K
}
Event: 2.828 GC heap before
{Heap before GC invocations=8 (full 0):
 PSYoungGen      total 130048K, used 130020K [0x00000000eab00000, 0x00000000fba00000, 0x0000000100000000)
  eden space 119296K, 100% used [0x00000000eab00000,0x00000000f1f80000,0x00000000f1f80000)
  from space 10752K, 99% used [0x00000000f1f80000,0x00000000f29f9210,0x00000000f2a00000)
  to   space 19456K, 0% used [0x00000000fa700000,0x00000000fa700000,0x00000000fba00000)
 ParOldGen       total 40960K, used 23469K [0x00000000c0000000, 0x00000000c2800000, 0x00000000eab00000)
  object space 40960K, 57% used [0x00000000c0000000,0x00000000c16eb4b0,0x00000000c2800000)
 Metaspace       used 6459K, capacity 7256K, committed 7424K, reserved 1056768K
  class space    used 614K, capacity 656K, committed 768K, reserved 1048576K
Event: 2.879 GC heap after
Heap after GC invocations=8 (full 0):
 PSYoungGen      total 250880K, used 19425K [0x00000000eab00000, 0x00000000fc800000, 0x0000000100000000)
  eden space 231424K, 0% used [0x00000000eab00000,0x00000000eab00000,0x00000000f8d00000)
  from space 19456K, 99% used [0x00000000fa700000,0x00000000fb9f87e0,0x00000000fba00000)
  to   space 26624K, 0% used [0x00000000f8d00000,0x00000000f8d00000,0x00000000fa700000)
 ParOldGen       total 40960K, used 31817K [0x00000000c0000000, 0x00000000c2800000, 0x00000000eab00000)
  object space 40960K, 77% used [0x00000000c0000000,0x00000000c1f12508,0x00000000c2800000)
 Metaspace       used 6459K, capacity 7256K, committed 7424K, reserved 1056768K
  class space    used 614K, capacity 656K, committed 768K, reserved 1048576K
}
Event: 2.879 GC heap before
{Heap before GC invocations=9 (full 1):
 PSYoungGen      total 250880K, used 19425K [0x00000000eab00000, 0x00000000fc800000, 0x0000000100000000)
  eden space 231424K, 0% used [0x00000000eab00000,0x00000000eab00000,0x00000000f8d00000)
  from space 19456K, 99% used [0x00000000fa700000,0x00000000fb9f87e0,0x00000000fba00000)
  to   space 26624K, 0% used [0x00000000f8d00000,0x00000000f8d00000,0x00000000fa700000)
 ParOldGen       total 40960K, used 31817K [0x00000000c0000000, 0x00000000c2800000, 0x00000000eab00000)
  object space 40960K, 77% used [0x00000000c0000000,0x00000000c1f12508,0x00000000c2800000)
 Metaspace       used 6459K, capacity 7256K, committed 7424K, reserved 1056768K
  class space    used 614K, capacity 656K, committed 768K, reserved 1048576K
Event: 3.276 GC heap after
Heap after GC invocations=9 (full 1):
 PSYoungGen      total 250880K, used 7115K [0x00000000eab00000, 0x00000000fc800000, 0x0000000100000000)
  eden space 231424K, 0% used [0x00000000eab00000,0x00000000eab00000,0x00000000f8d00000)
  from space 19456K, 36% used [0x00000000fa700000,0x00000000fadf2c98,0x00000000fba00000)
  to   space 26624K, 0% used [0x00000000f8d00000,0x00000000f8d00000,0x00000000fa700000)
 ParOldGen       total 77312K, used 40957K [0x00000000c0000000, 0x00000000c4b80000, 0x00000000eab00000)
  object space 77312K, 52% used [0x00000000c0000000,0x00000000c27ff580,0x00000000c4b80000)
 Metaspace       used 6459K, capacity 7256K, committed 7424K, reserved 1056768K
  class space    used 614K, capacity 656K, committed 768K, reserved 1048576K
}
Event: 4.350 GC heap before
{Heap before GC invocations=10 (full 1):
 PSYoungGen      total 250880K, used 238539K [0x00000000eab00000, 0x00000000fc800000, 0x0000000100000000)
  eden space 231424K, 100% used [0x00000000eab00000,0x00000000f8d00000,0x00000000f8d00000)
  from space 19456K, 36% used [0x00000000fa700000,0x00000000fadf2c98,0x00000000fba00000)
  to   space 26624K, 0% used [0x00000000f8d00000,0x00000000f8d00000,0x00000000fa700000)
 ParOldGen       total 77312K, used 40957K [0x00000000c0000000, 0x00000000c4b80000, 0x00000000eab00000)
  object space 77312K, 52% used [0x00000000c0000000,0x00000000c27ff580,0x00000000c4b80000)
 Metaspace       used 6500K, capacity 7256K, committed 7424K, reserved 1056768K
  class space    used 614K, capacity 656K, committed 768K, reserved 1048576K
Event: 4.413 GC heap after
Heap after GC invocations=10 (full 1):
 PSYoungGen      total 258048K, used 26616K [0x00000000eab00000, 0x0000000100000000, 0x0000000100000000)
  eden space 231424K, 0% used [0x00000000eab00000,0x00000000eab00000,0x00000000f8d00000)
  from space 26624K, 99% used [0x00000000f8d00000,0x00000000fa6fe240,0x00000000fa700000)
  to   space 36864K, 0% used [0x00000000fdc00000,0x00000000fdc00000,0x0000000100000000)
 ParOldGen       total 77312K, used 53520K [0x00000000c0000000, 0x00000000c4b80000, 0x00000000eab00000)
  object space 77312K, 69% used [0x00000000c0000000,0x00000000c3444008,0x00000000c4b80000)
 Metaspace       used 6500K, capacity 7256K, committed 7424K, reserved 1056768K
  class space    used 614K, capacity 656K, committed 768K, reserved 1048576K
}
Event: 5.308 GC heap before
{Heap before GC invocations=11 (full 1):
 PSYoungGen      total 258048K, used 258040K [0x00000000eab00000, 0x0000000100000000, 0x0000000100000000)
  eden space 231424K, 100% used [0x00000000eab00000,0x00000000f8d00000,0x00000000f8d00000)
  from space 26624K, 99% used [0x00000000f8d00000,0x00000000fa6fe240,0x00000000fa700000)
  to   space 36864K, 0% used [0x00000000fdc00000,0x00000000fdc00000,0x0000000100000000)
 ParOldGen       total 77312K, used 53520K [0x00000000c0000000, 0x00000000c4b80000, 0x00000000eab00000)
  object space 77312K, 69% used [0x00000000c0000000,0x00000000c3444008,0x00000000c4b80000)
 Metaspace       used 6509K, capacity 7320K, committed 7680K, reserved 1056768K
  class space    used 614K, capacity 656K, committed 768K, reserved 1048576K
Event: 5.422 GC heap after
Heap after GC invocations=11 (full 1):
 PSYoungGen      total 281600K, used 36842K [0x00000000eab00000, 0x0000000100000000, 0x0000000100000000)
  eden space 244736K, 0% used [0x00000000eab00000,0x00000000eab00000,0x00000000f9a00000)
  from space 36864K, 99% used [0x00000000fdc00000,0x00000000ffffab50,0x0000000100000000)
  to   space 52224K, 0% used [0x00000000f9a00000,0x00000000f9a00000,0x00000000fcd00000)
 ParOldGen       total 77824K, used 77429K [0x00000000c0000000, 0x00000000c4c00000, 0x00000000eab00000)
  object space 77824K, 99% used [0x00000000c0000000,0x00000000c4b9d678,0x00000000c4c00000)
 Metaspace       used 6509K, capacity 7320K, committed 7680K, reserved 1056768K
  class space    used 614K, capacity 656K, committed 768K, reserved 1048576K
}
Event: 5.422 GC heap before
{Heap before GC invocations=12 (full 2):
 PSYoungGen      total 281600K, used 36842K [0x00000000eab00000, 0x0000000100000000, 0x0000000100000000)
  eden space 244736K, 0% used [0x00000000eab00000,0x00000000eab00000,0x00000000f9a00000)
  from space 36864K, 99% used [0x00000000fdc00000,0x00000000ffffab50,0x0000000100000000)
  to   space 52224K, 0% used [0x00000000f9a00000,0x00000000f9a00000,0x00000000fcd00000)
 ParOldGen       total 77824K, used 77429K [0x00000000c0000000, 0x00000000c4c00000, 0x00000000eab00000)
  object space 77824K, 99% used [0x00000000c0000000,0x00000000c4b9d678,0x00000000c4c00000)
 Metaspace       used 6509K, capacity 7320K, committed 7680K, reserved 1056768K
  class space    used 614K, capacity 656K, committed 768K, reserved 1048576K

